0 info it worked if it ends with ok
1 verbose cli [ 'C:\\Users\\Dini\\Java Projects\\node.exe',
1 verbose cli   'C:\\Users\\Dini\\Java Projects\\node_modules\\npm\\bin\\npm-cli.js',
1 verbose cli   'start' ]
2 info using npm@3.10.10
3 info using node@v6.10.3
4 verbose run-script [ 'prestart', 'start', 'poststart' ]
5 info lifecycle babble@1.0.0~prestart: babble@1.0.0
6 silly lifecycle babble@1.0.0~prestart: no script for prestart, continuing
7 info lifecycle babble@1.0.0~start: babble@1.0.0
8 verbose lifecycle babble@1.0.0~start: unsafe-perm in lifecycle true
9 verbose lifecycle babble@1.0.0~start: PATH: C:\Users\Dini\Java Projects\node_modules\npm\bin\node-gyp-bin;C:\Users\Dini\Dropbox\פיתוח צד לקוח\on git ver\babble-master\node_modules\.bin;C:\ProgramData\Oracle\Java\javapath;C:\Program Files (x86)\Intel\iCLS Client\;C:\Program Files\Intel\iCLS Client\;C:\WINDOWS\system32;C:\WINDOWS;C:\WINDOWS\System32\Wbem;C:\WINDOWS\System32\WindowsPowerShell\v1.0\;C:\Program Files (x86)\Intel\Intel(R) Management Engine Components\DAL;C:\Program Files\Intel\Intel(R) Management Engine Components\DAL;C:\Program Files (x86)\Intel\Intel(R) Management Engine Components\IPT;C:\Program Files\SourceGear\Common\DiffMerge\;C:\Program Files (x86)\Windows Live\Shared;C:\Program Files\Microsoft SQL Server\130\Tools\Binn\;C:\Program Files\dotnet\;C:\Program Files (x86)\Microsoft SQL Server\130\Tools\Binn\;C:\Program Files (x86)\Microsoft SQL Server\130\DTS\Binn\;C:\Program Files\Microsoft SQL Server\130\DTS\Binn\;C:\Program Files\Microsoft SQL Server\Client SDK\ODBC\130\Tools\Binn\;C:\Program Files (x86)\Microsoft SQL Server\Client SDK\ODBC\130\Tools\Binn\;C:\Program Files (x86)\Microsoft SQL Server\140\Tools\Binn\;C:\Program Files (x86)\Microsoft SQL Server\140\DTS\Binn\;C:\Program Files (x86)\Microsoft SQL Server\140\Tools\Binn\ManagementStudio\;C:\Users\Dini\Java Projects\;C:\Program Files\Intel\WiFi\bin\;C:\Program Files\Common Files\Intel\WirelessCommon\;C:\Users\Dini\AppData\Local\Microsoft\WindowsApps;C:\Users\Dini\AppData\Roaming\npm
10 verbose lifecycle babble@1.0.0~start: CWD: C:\Users\Dini\Dropbox\פיתוח צד לקוח\on git ver\babble-master
11 silly lifecycle babble@1.0.0~start: Args: [ '/d /s /c', 'node server/main.js' ]
12 verbose stack Error: kill ENOSYS
12 verbose stack     at exports._errnoException (util.js:1018:11)
12 verbose stack     at process.kill (internal/process.js:190:13)
12 verbose stack     at process.listener (C:\Users\Dini\Java Projects\node_modules\npm\node_modules\npmlog\node_modules\gauge\node_modules\signal-exit\index.js:86:15)
12 verbose stack     at emitNone (events.js:91:20)
12 verbose stack     at process.emit (events.js:185:7)
12 verbose stack     at processEmit (C:\Users\Dini\Java Projects\node_modules\npm\node_modules\npmlog\node_modules\gauge\node_modules\signal-exit\index.js:146:32)
12 verbose stack     at processEmit (C:\Users\Dini\Java Projects\node_modules\npm\node_modules\npm-registry-client\node_modules\npmlog\node_modules\gauge\node_modules\signal-exit\index.js:146:32)
12 verbose stack     at Signal.wrap.onsignal (internal/process.js:217:44)
13 verbose cwd C:\Users\Dini\Dropbox\פיתוח צד לקוח\on git ver\babble-master\server
14 error Windows_NT 10.0.14393
15 error argv "C:\\Users\\Dini\\Java Projects\\node.exe" "C:\\Users\\Dini\\Java Projects\\node_modules\\npm\\bin\\npm-cli.js" "start"
16 error node v6.10.3
17 error npm  v3.10.10
18 error code ENOSYS
19 error errno ENOSYS
20 error syscall kill
21 error kill ENOSYS
22 error If you need help, you may report this error at:
22 error     <https://github.com/npm/npm/issues>
23 verbose exit [ 1, true ]
